<?xml version="1.0" encoding="UTF-8"?>
<!-- Generated by org.testng.reporters.JUnitReportReporter -->
<testsuite hostname="LAPTOP-8GM7S38Q" failures="0" tests="4" name="api.tests.UserTests" time="8.304" errors="0" timestamp="2024-04-12T10:06:26 IST" skipped="0">
  <testcase classname="api.tests.UserTests" name="testCreateUser" time="2.536"/>
  <testcase classname="api.tests.UserTests" name="testRetrieveUser" time="1.206"/>
  <testcase classname="api.tests.UserTests" name="testUpdateUser" time="2.303"/>
  <testcase classname="api.tests.UserTests" name="testDeleteUser" time="2.259"/>
</testsuite> <!-- api.tests.UserTests -->
